

times in msec
 clock   self+sourced   self:  sourced script
 clock   elapsed:              other lines

000.005  000.005: --- NVIM STARTING ---
000.045  000.040: event init
000.084  000.039: early init
000.104  000.020: locale set
000.124  000.020: init first window
000.268  000.144: inits 1
000.272  000.004: window checked
000.274  000.002: parsing arguments
000.500  000.036  000.036: require('vim.shared')
000.555  000.020  000.020: require('vim._meta')
000.556  000.054  000.034: require('vim._editor')
000.557  000.108  000.018: require('vim._init_packages')
000.557  000.176: init lua interpreter
000.571  000.014: expanding arguments
000.597  000.025: inits 2
000.768  000.172: init highlight
000.769  000.001: waiting for UI
001.290  000.521: done waiting for UI
001.302  000.012: init screen for UI
001.464  000.162: init default mappings
001.474  000.010: init default autocommands
001.978  000.044  000.044: sourcing /squashfs-root/usr/share/nvim/runtime/ftplugin.vim
002.070  000.021  000.021: sourcing /squashfs-root/usr/share/nvim/runtime/indent.vim
002.153  000.038  000.038: require('user.disabled')
002.432  000.277  000.277: require('user.options')
002.471  000.004  000.004: require('vim.keymap')
002.568  000.133  000.129: require('user.keymaps')
003.271  000.095  000.095: require('packer.util')
003.287  000.630  000.535: require('packer')
011.469  008.181  008.181: require('impatient')
011.682  000.124  000.124: require('packer.log')
011.686  000.145  000.021: require('packer.async')
011.726  000.016  000.016: require('packer.result')
011.728  000.041  000.025: require('packer.jobs')
011.731  000.240  000.054: require('packer.plugin_utils')
011.757  000.022  000.022: require('packer.snapshot')
011.924  009.355  000.281: require('user.plugins')
012.214  000.050  000.050: require('config.colorscheme')
013.673  001.522  001.471: sourcing /home/olleg/.config/nvim/colors/o-onedark.lua
013.679  001.753  000.231: require('user.colorscheme')
013.680  011.587  000.031: sourcing /home/olleg/.config/nvim/init.lua
013.684  000.559: sourcing vimrc file(s)
014.004  000.222  000.222: sourcing /squashfs-root/usr/share/nvim/runtime/filetype.lua
014.025  000.011  000.011: sourcing /squashfs-root/usr/share/nvim/runtime/filetype.vim
014.159  000.055  000.055: sourcing /squashfs-root/usr/share/nvim/runtime/syntax/synload.vim
014.241  000.203  000.149: sourcing /squashfs-root/usr/share/nvim/runtime/syntax/syntax.vim
014.594  000.008  000.008: sourcing /squashfs-root/usr/share/nvim/runtime/plugin/gzip.vim
014.605  000.005  000.005: sourcing /squashfs-root/usr/share/nvim/runtime/plugin/health.vim
014.615  000.006  000.006: sourcing /squashfs-root/usr/share/nvim/runtime/plugin/matchit.vim
014.708  000.088  000.088: sourcing /squashfs-root/usr/share/nvim/runtime/plugin/matchparen.vim
014.725  000.009  000.009: sourcing /squashfs-root/usr/share/nvim/runtime/plugin/netrwPlugin.vim
014.803  000.004  000.004: sourcing /home/olleg/.local/share/nvim/rplugin.vim
014.807  000.076  000.072: sourcing /squashfs-root/usr/share/nvim/runtime/plugin/rplugin.vim
014.852  000.040  000.040: sourcing /squashfs-root/usr/share/nvim/runtime/plugin/shada.vim
014.866  000.005  000.005: sourcing /squashfs-root/usr/share/nvim/runtime/plugin/spellfile.vim
014.880  000.008  000.008: sourcing /squashfs-root/usr/share/nvim/runtime/plugin/tarPlugin.vim
014.891  000.005  000.005: sourcing /squashfs-root/usr/share/nvim/runtime/plugin/tohtml.vim
014.907  000.010  000.010: sourcing /squashfs-root/usr/share/nvim/runtime/plugin/tutor.vim
014.921  000.008  000.008: sourcing /squashfs-root/usr/share/nvim/runtime/plugin/zipPlugin.vim
015.389  000.044  000.044: require('gitsigns.async')
015.408  000.016  000.016: require('gitsigns.status')
015.458  000.020  000.020: require('gitsigns.debug')
015.476  000.017  000.017: require('gitsigns.util')
015.569  000.019  000.019: require('gitsigns.uv')
015.571  000.094  000.076: require('gitsigns.subprocess')
015.719  000.039  000.039: require('gitsigns.message')
015.728  000.083  000.045: require('gitsigns.config')
015.775  000.045  000.045: require('gitsigns.signs.base')
015.789  000.201  000.073: require('gitsigns.signs')
015.792  000.221  000.019: require('gitsigns.hunks')
015.797  000.388  000.036: require('gitsigns.git')
015.902  000.068  000.068: require('gitsigns.cache')
015.918  000.014  000.014: require('gitsigns.debounce')
015.940  000.021  000.021: require('gitsigns.diff')
015.955  000.157  000.055: require('gitsigns.manager')
015.978  000.022  000.022: require('gitsigns.highlight')
015.983  000.849  000.221: require('gitsigns')
016.701  000.031  000.031: require('gitsigns.signs.vimfn')
017.279  000.035  000.035: require('vim.inspect')
017.309  002.196  001.282: require('user.config.gitsigns')
017.393  000.033  000.033: require('project_nvim.config')
017.450  000.016  000.016: require('project_nvim.utils.path')
017.456  000.061  000.046: require('project_nvim.utils.history')
017.457  000.112  000.017: require('project_nvim')
017.532  000.018  000.018: require('project_nvim.utils.globtopattern')
017.572  000.020  000.020: require('project_nvim.project')
017.702  000.033  000.033: require('vim.lsp.log')
018.083  000.003  000.003: require('vim.F')
018.086  000.383  000.380: require('vim.lsp.protocol')
018.180  000.039  000.039: require('vim.lsp._snippet')
018.198  000.017  000.017: require('vim.highlight')
018.207  000.121  000.065: require('vim.lsp.util')
018.217  000.575  000.038: require('vim.lsp.handlers')
018.255  000.037  000.037: require('vim.lsp.rpc')
018.271  000.015  000.015: require('vim.lsp.sync')
018.307  000.035  000.035: require('vim.lsp.buf')
018.325  000.017  000.017: require('vim.lsp.diagnostic')
018.344  000.018  000.018: require('vim.lsp.codelens')
018.382  000.808  000.111: require('vim.lsp')
018.559  000.016  000.016: require('telescope._extensions')
018.562  000.043  000.027: require('telescope')
018.638  000.014  000.014: require('plenary.functional')
018.642  000.044  000.030: require('plenary.job')
018.773  000.015  000.015: require('plenary.bit')
018.787  000.010  000.010: require('ffi')
018.793  000.067  000.042: require('plenary.path')
018.797  000.086  000.019: require('plenary.strings')
018.813  000.015  000.015: require('telescope.state')
018.833  000.020  000.020: require('telescope.config.resolve')
018.835  000.139  000.018: require('telescope.pickers.entry_display')
018.907  000.035  000.035: require('plenary.log')
018.916  000.057  000.022: require('telescope.log')
018.920  000.085  000.028: require('telescope.utils')
018.925  000.282  000.058: require('telescope.make_entry')
019.030  000.017  000.017: require('plenary.tbl')
019.033  000.033  000.016: require('plenary.vararg.rotate')
019.034  000.053  000.020: require('plenary.vararg')
019.046  000.012  000.012: require('plenary.errors')
019.049  000.083  000.018: require('plenary.async.async')
019.106  000.013  000.013: require('plenary.async.structs')
019.109  000.034  000.021: require('plenary.async.control')
019.112  000.050  000.016: require('plenary.async.util')
019.113  000.064  000.014: require('plenary.async.tests')
019.114  000.164  000.018: require('plenary.async')
019.116  000.190  000.026: require('telescope.finders.async_static_finder')
019.159  000.012  000.012: require('plenary.class')
019.166  000.036  000.024: require('telescope._')
019.167  000.051  000.015: require('telescope.finders.async_oneshot_finder')
019.182  000.014  000.014: require('telescope.finders.async_job_finder')
019.185  000.603  000.021: require('telescope.finders')
019.275  000.019  000.019: require('plenary.window.border')
019.288  000.013  000.013: require('plenary.window')
019.307  000.018  000.018: require('plenary.popup.utils')
019.308  000.074  000.024: require('plenary.popup')
019.442  000.013  000.013: require('telescope.deprecated')
019.469  000.025  000.025: require('telescope.sorters')
020.390  001.009  000.971: require('telescope.config')
020.416  000.023  000.023: require('telescope.pickers.scroller')
020.433  000.016  000.016: require('telescope.actions.state')
020.449  000.015  000.015: require('telescope.actions.utils')
020.483  000.016  000.016: require('telescope.actions.mt')
020.500  000.051  000.035: require('telescope.actions.set')
020.514  000.013  000.013: require('telescope.from_entry')
020.612  001.303  000.177: require('telescope.actions')
020.634  000.020  000.020: require('telescope.debounce')
020.685  000.050  000.050: require('telescope.mappings')
020.705  000.019  000.019: require('telescope.pickers.highlights')
020.719  000.013  000.013: require('telescope.pickers.window')
020.751  000.016  000.016: require('telescope.algos.linked_list')
020.752  000.032  000.016: require('telescope.entry_manager')
020.768  000.015  000.015: require('telescope.pickers.multi')
020.775  001.589  000.062: require('telescope.pickers')
020.837  000.028  000.028: require('telescope.builtin.__lsp')
020.848  000.072  000.044: require('telescope.builtin')
020.850  002.287  000.023: require('telescope._extensions.projects')
020.852  003.541  000.253: require('user.config.projects')
020.896  000.042  000.042: require('Comment')
020.932  000.014  000.014: require('Comment.config')
020.962  000.029  000.029: require('Comment.utils')
020.980  000.016  000.016: require('Comment.opfunc')
020.993  000.013  000.013: require('Comment.extra')
020.996  000.099  000.027: require('Comment.api')
021.314  000.020  000.020: require('which-key.util')
021.317  000.035  000.015: require('which-key.tree')
021.430  000.113  000.113: require('which-key.config')
021.435  000.180  000.033: require('which-key.keys')
021.437  000.198  000.017: require('which-key')
021.546  000.337  000.139: require('user.config.whichkey')
021.599  000.032  000.032: require('alpha')
021.624  000.024  000.024: require('alpha.themes.dashboard')
023.121  001.573  001.517: require('user.config.alpha')
023.185  000.013  000.013: require('toggleterm.lazy')
023.199  000.013  000.013: require('toggleterm.constants')
023.239  000.038  000.038: require('toggleterm.terminal')
023.242  000.098  000.034: require('toggleterm')
023.280  000.019  000.019: require('toggleterm.colors')
023.298  000.017  000.017: require('toggleterm.utils')
023.302  000.059  000.022: require('toggleterm.config')
023.440  000.026  000.026: require('toggleterm.commandline')
023.453  000.328  000.145: require('user.config.toggleterm')
023.504  000.013  000.013: require('bufferline.lazy')
023.521  000.014  000.014: require('bufferline.constants')
023.545  000.023  000.023: require('bufferline.commands')
023.549  000.083  000.033: require('bufferline')
023.576  000.025  000.025: require('bufferline.utils')
023.615  000.037  000.037: require('bufferline.config')
023.739  000.067  000.067: require('bufferline.groups')
023.773  000.017  000.017: require('bufferline.colors')
023.883  000.029  000.029: require('bufferline.highlights')
024.653  000.027  000.027: require('bufferline.hover')
024.727  000.040  000.040: require('bufferline.ui')
024.767  001.312  000.988: require('user.config.bufferline')
024.841  000.019  000.019: require('lualine_require')
025.024  000.230  000.211: require('lualine')
025.590  000.031  000.031: require('lualine.highlight')
027.401  000.021  000.021: require('lualine.utils.mode')
027.470  000.016  000.016: require('lualine.extensions.nerdtree')
027.634  002.864  002.566: require('user.config.lualine')
027.682  012.717  000.424: sourcing /home/olleg/.config/nvim/plugin/packer_compiled.lua
028.002  000.025  000.025: sourcing /squashfs-root/usr/share/nvim/runtime/plugin/man.lua
028.012  000.880: loading rtp plugins
028.235  000.082  000.082: sourcing /home/olleg/.local/share/nvim/site/pack/packer/start/Comment.nvim/plugin/Comment.lua
028.338  000.029  000.029: require('bufdelete')
028.340  000.043  000.014: sourcing /home/olleg/.local/share/nvim/site/pack/packer/start/bufdelete.nvim/plugin/bufdelete.lua
028.457  000.012  000.012: require('vim.ui')
028.460  000.029  000.017: require('dressing.patch')
028.462  000.047  000.018: require('dressing')
028.467  000.061  000.014: sourcing /home/olleg/.local/share/nvim/site/pack/packer/start/dressing.nvim/plugin/dressing.lua
028.608  000.039  000.039: sourcing /home/olleg/.local/share/nvim/site/pack/packer/start/nvim-lspconfig/plugin/lspconfig.lua
028.738  000.022  000.022: require('nvim-treesitter.utils')
028.932  000.021  000.021: require('vim.treesitter.language')
028.938  000.062  000.041: require('vim.treesitter.query')
028.990  000.051  000.051: require('vim.treesitter.languagetree')
029.017  000.178  000.065: require('vim.treesitter')
029.150  000.410  000.232: require('nvim-treesitter.parsers')
029.306  000.033  000.033: require('nvim-treesitter.ts_utils')
029.310  000.063  000.030: require('nvim-treesitter.tsrange')
029.331  000.020  000.020: require('nvim-treesitter.caching')
029.338  000.126  000.043: require('nvim-treesitter.query')
029.351  000.172  000.046: require('nvim-treesitter.configs')
029.353  000.202  000.031: require('nvim-treesitter.info')
030.065  000.711  000.711: require('nvim-treesitter.shell_command_selectors')
030.106  001.426  000.081: require('nvim-treesitter.install')
030.198  000.091  000.091: require('nvim-treesitter.statusline')
030.223  000.023  000.023: require('nvim-treesitter.query_predicates')
030.224  001.559  000.019: require('nvim-treesitter')
030.511  000.044  000.044: require('vim.treesitter.highlighter')
030.598  000.171  000.126: require('nvim-treesitter.highlight')
030.806  002.153  000.424: sourcing /home/olleg/.local/share/nvim/site/pack/packer/start/nvim-treesitter/plugin/nvim-treesitter.lua
030.882  000.028  000.028: sourcing /home/olleg/.local/share/nvim/site/pack/packer/start/nvim-web-devicons/plugin/nvim-web-devicons.vim
030.986  000.021  000.021: sourcing /home/olleg/.local/share/nvim/site/pack/packer/start/plenary.nvim/plugin/plenary.vim
031.069  000.006  000.006: sourcing /home/olleg/.local/share/nvim/site/pack/packer/start/which-key.nvim/plugin/which-key.vim
031.144  000.699: loading packages
031.146  000.001: loading after plugins
031.155  000.009: inits 3
032.538  001.383: reading ShaDa
032.582  000.045: opening buffers
032.637  000.026  000.026: require('bufferline.state')
032.656  000.048: BufEnter autocommands
032.658  000.002: editing files in windows
032.865  000.023  000.023: require('which-key.plugins')
032.892  000.024  000.024: require('which-key.plugins.marks')
033.033  000.038  000.038: require('which-key.plugins.presets')
033.071  000.036  000.036: require('which-key.plugins.presets.misc')
033.098  000.024  000.024: require('which-key.plugins.registers')
033.328  000.024  000.024: require('which-key.colors')
040.037  000.036  000.036: require('tables.banners')
040.533  007.668: VimEnter autocommands
040.535  000.002: UIEnter autocommands
040.738  000.132  000.132: sourcing /squashfs-root/usr/share/nvim/runtime/autoload/provider/clipboard.vim
040.742  000.075: before starting main loop
041.765  001.023: first screen update
041.767  000.002: --- NVIM STARTED ---
